<?xml version="1.0" encoding="UTF-8"?>
<!-- Generated by org.testng.reporters.JUnitReportReporter -->
<testsuite hostname="LAPTOP-OKAUG53U" failures="0" tests="1" name="Com.Ecommerce.TestCases.TC_WishList" time="85.219" errors="0" timestamp="2023-01-22T14:24:30 IST" skipped="0">
  <testcase classname="Com.Ecommerce.TestCases.TC_WishList" name="wishlist" time="85.219"/>
  <system-out/>
</testsuite> <!-- Com.Ecommerce.TestCases.TC_WishList -->
